The system is: Windows - 10.0.17763 - AMD64
Compiling the C compiler identification source file "CMakeCCompilerId.c" succeeded.
Compiler: C:/software/vs19/VC/Tools/MSVC/14.29.30133/bin/Hostx64/x64/cl.exe 
Build flags: 
Id flags:  

The output was:
0
Microsoft (R) C/C++ Optimizing Compiler Version 19.29.30133 for x64
Copyright (C) Microsoft Corporation.  All rights reserved.

CMakeCCompilerId.c
Microsoft (R) Incremental Linker Version 14.29.30133.0
Copyright (C) Microsoft Corporation.  All rights reserved.

/out:CMakeCCompilerId.exe 
CMakeCCompilerId.obj 


Compilation of the C compiler identification source "CMakeCCompilerId.c" produced "CMakeCCompilerId.exe"

Compilation of the C compiler identification source "CMakeCCompilerId.c" produced "CMakeCCompilerId.obj"

The C compiler identification is MSVC, found in "J:/Downloads/grk/cw 911/libraries/freetype/freetype-2.13.2/out/build/x64-Debug/CMakeFiles/3.20.21032501-MSVC_2/CompilerIdC/CMakeCCompilerId.exe"

Detecting C compiler ABI info compiled with the following output:
Change Dir: J:/Downloads/grk/cw 911/libraries/freetype/freetype-2.13.2/out/build/x64-Debug/CMakeFiles/CMakeTmp

Run Build Command(s):c:\software\vs19\common7\ide\commonextensions\microsoft\cmake\Ninja\ninja.exe cmTC_ff640 && [1/2] Building C object CMakeFiles\cmTC_ff640.dir\CMakeCCompilerABI.c.obj
[2/2] Linking C executable cmTC_ff640.exe



