  main.cpp
C:\Program Files (x86)\Windows Kits\10\Include\10.0.19041.0\shared\minwindef.h(130,1): warning C4005: 'APIENTRY': macro redefinition
j:\Downloads\grk\dependencies\glfw-3.3.8.bin.WIN32\include\GLFW\glfw3.h(123): message : see previous definition of 'APIENTRY'
j:\Downloads\grk\cw 911\src\ex_9_1.hpp(118,30): warning C4305: 'initializing': truncation from 'double' to 'float'
j:\Downloads\grk\cw 911\src\ex_9_1.hpp(150,38): warning C4305: '=': truncation from 'double' to 'float'
j:\Downloads\grk\cw 911\src\ex_9_1.hpp(198,16): warning C4305: 'initializing': truncation from 'double' to 'float'
j:\Downloads\grk\cw 911\src\ex_9_1.hpp(269,13): warning C4244: 'initializing': conversion from 'double' to 'float', possible loss of data
j:\Downloads\grk\cw 911\src\ex_9_1.hpp(282,13): warning C4244: 'initializing': conversion from 'double' to 'float', possible loss of data
j:\Downloads\grk\cw 911\src\ex_9_1.hpp(325,92): warning C4305: 'argument': truncation from 'double' to 'T'
          with
          [
              T=float
          ]
j:\Downloads\grk\cw 911\src\ex_9_1.hpp(330,12): warning C4305: 'argument': truncation from 'double' to 'float'
j:\Downloads\grk\cw 911\src\ex_9_1.hpp(337,16): warning C4244: 'initializing': conversion from 'double' to 'float', possible loss of data
j:\Downloads\grk\cw 911\src\ex_9_1.hpp(339,93): warning C4305: 'argument': truncation from 'double' to 'T'
          with
          [
              T=float
          ]
j:\Downloads\grk\cw 911\src\ex_9_1.hpp(344,12): warning C4305: 'argument': truncation from 'double' to 'float'
j:\Downloads\grk\cw 911\src\ex_9_1.hpp(351,85): warning C4305: 'argument': truncation from 'double' to 'T'
          with
          [
              T=float
          ]
j:\Downloads\grk\cw 911\src\ex_9_1.hpp(356,12): warning C4305: 'argument': truncation from 'double' to 'float'
j:\Downloads\grk\cw 911\src\ex_9_1.hpp(361,83): warning C4305: 'argument': truncation from 'double' to 'T'
          with
          [
              T=float
          ]
j:\Downloads\grk\cw 911\src\ex_9_1.hpp(366,12): warning C4305: 'argument': truncation from 'double' to 'float'
j:\Downloads\grk\cw 911\src\ex_9_1.hpp(371,83): warning C4305: 'argument': truncation from 'double' to 'T'
          with
          [
              T=float
          ]
j:\Downloads\grk\cw 911\src\ex_9_1.hpp(376,12): warning C4305: 'argument': truncation from 'double' to 'float'
j:\Downloads\grk\cw 911\src\ex_9_1.hpp(381,82): warning C4305: 'argument': truncation from 'double' to 'T'
          with
          [
              T=float
          ]
j:\Downloads\grk\cw 911\src\ex_9_1.hpp(386,12): warning C4305: 'argument': truncation from 'double' to 'float'
j:\Downloads\grk\cw 911\src\ex_9_1.hpp(391,82): warning C4305: 'argument': truncation from 'double' to 'T'
          with
          [
              T=float
          ]
j:\Downloads\grk\cw 911\src\ex_9_1.hpp(396,12): warning C4305: 'argument': truncation from 'double' to 'float'
j:\Downloads\grk\cw 911\src\ex_9_1.hpp(401,86): warning C4305: 'argument': truncation from 'double' to 'T'
          with
          [
              T=float
          ]
j:\Downloads\grk\cw 911\src\ex_9_1.hpp(406,12): warning C4305: 'argument': truncation from 'double' to 'float'
j:\Downloads\grk\cw 911\src\ex_9_1.hpp(411,85): warning C4305: 'argument': truncation from 'double' to 'T'
          with
          [
              T=float
          ]
j:\Downloads\grk\cw 911\src\ex_9_1.hpp(416,12): warning C4305: 'argument': truncation from 'double' to 'float'
j:\Downloads\grk\cw 911\src\ex_9_1.hpp(421,84): warning C4305: 'argument': truncation from 'double' to 'T'
          with
          [
              T=float
          ]
j:\Downloads\grk\cw 911\src\ex_9_1.hpp(426,12): warning C4305: 'argument': truncation from 'double' to 'float'
j:\Downloads\grk\cw 911\src\ex_9_1.hpp(432,60): warning C4305: 'argument': truncation from 'double' to 'T'
          with
          [
              T=float
          ]
j:\Downloads\grk\cw 911\src\ex_9_1.hpp(434,12): warning C4305: 'argument': truncation from 'double' to 'float'
j:\Downloads\grk\cw 911\src\ex_9_1.hpp(436,84): warning C4305: 'argument': truncation from 'double' to 'T'
          with
          [
              T=float
          ]
j:\Downloads\grk\cw 911\src\ex_9_1.hpp(441,12): warning C4305: 'argument': truncation from 'double' to 'float'
j:\Downloads\grk\cw 911\src\ex_9_1.hpp(446,85): warning C4305: 'argument': truncation from 'double' to 'T'
          with
          [
              T=float
          ]
j:\Downloads\grk\cw 911\src\ex_9_1.hpp(451,12): warning C4305: 'argument': truncation from 'double' to 'float'
j:\Downloads\grk\cw 911\src\ex_9_1.hpp(473,3): warning C4305: 'argument': truncation from 'double' to 'float'
j:\Downloads\grk\cw 911\src\ex_9_1.hpp(485,17): warning C4305: 'initializing': truncation from 'double' to 'float'
j:\Downloads\grk\cw 911\src\ex_9_1.hpp(489,8): warning C4305: 'argument': truncation from 'double' to 'float'
j:\Downloads\grk\cw 911\src\ex_9_1.hpp(529,7): warning C4305: 'argument': truncation from 'double' to 'float'
j:\Downloads\grk\cw 911\src\ex_9_1.hpp(591,3): warning C4305: 'argument': truncation from 'double' to 'float'
j:\Downloads\grk\cw 911\src\ex_9_1.hpp(654,12): warning C4244: 'argument': conversion from 'time_t' to 'unsigned int', possible loss of data
j:\Downloads\grk\cw 911\src\ex_9_1.hpp(718,96): warning C4305: 'argument': truncation from 'double' to 'T'
          with
          [
              T=float
          ]
j:\Downloads\grk\cw 911\src\ex_9_1.hpp(728,74): warning C4305: 'argument': truncation from 'double' to 'T'
          with
          [
              T=float
          ]
j:\Downloads\grk\cw 911\src\ex_9_1.hpp(739,74): warning C4305: 'argument': truncation from 'double' to 'T'
          with
          [
              T=float
          ]
j:\Downloads\grk\cw 911\src\ex_9_1.hpp(801,27): warning C4244: '-=': conversion from 'double' to 'float', possible loss of data
j:\Downloads\grk\cw 911\src\ex_9_1.hpp(805,22): warning C4244: '+=': conversion from 'double' to 'float', possible loss of data
j:\Downloads\grk\cw 911\src\ex_9_1.hpp(810,25): warning C4244: '+=': conversion from 'double' to 'float', possible loss of data
j:\Downloads\grk\cw 911\src\ex_9_1.hpp(814,22): warning C4244: '-=': conversion from 'double' to 'float', possible loss of data
j:\Downloads\grk\cw 911\src\ex_9_1.hpp(821,23): warning C4244: '-=': conversion from 'double' to 'float', possible loss of data
j:\Downloads\grk\cw 911\src\ex_9_1.hpp(824,19): warning C4244: '-=': conversion from 'double' to 'float', possible loss of data
j:\Downloads\grk\cw 911\src\ex_9_1.hpp(833,23): warning C4244: '+=': conversion from 'double' to 'float', possible loss of data
j:\Downloads\grk\cw 911\src\ex_9_1.hpp(834,19): warning C4244: '-=': conversion from 'double' to 'float', possible loss of data
j:\Downloads\grk\cw 911\src\ex_9_1.hpp(845,33): warning C4305: '+=': truncation from 'double' to 'float'
j:\Downloads\grk\cw 911\src\ex_9_1.hpp(854,21): warning C4305: '-=': truncation from 'double' to 'float'
j:\Downloads\grk\cw 911\src\ex_9_1.hpp(856,21): warning C4305: '+=': truncation from 'double' to 'float'
c:\software\vs19\VC\Tools\MSVC\14.29.30133\include\utility(193,54): warning C4244: 'initializing': conversion from '_Ty' to '_Ty2', possible loss of data
          with
          [
              _Ty=int
          ]
          and
          [
              _Ty2=float
          ]
c:\software\vs19\VC\Tools\MSVC\14.29.30133\include\xmemory(714): message : see reference to function template instantiation 'std::pair<glm::vec3,float>::pair<_Ty,int,0>(_Other1 &&,_Other2 &&) noexcept' being compiled
          with
          [
              _Ty=glm::vec3,
              _Other1=glm::vec3,
              _Other2=int
          ]
c:\software\vs19\VC\Tools\MSVC\14.29.30133\include\xmemory(714): message : see reference to function template instantiation 'std::pair<glm::vec3,float>::pair<_Ty,int,0>(_Other1 &&,_Other2 &&) noexcept' being compiled
          with
          [
              _Ty=glm::vec3,
              _Other1=glm::vec3,
              _Other2=int
          ]
c:\software\vs19\VC\Tools\MSVC\14.29.30133\include\vector(726): message : see reference to function template instantiation 'void std::_Default_allocator_traits<_Alloc>::construct<_Ty,glm::tvec3<float,glm::packed_highp>,int>(_Alloc &,_Objty *const ,glm::tvec3<float,glm::packed_highp> &&,int &&)' being compiled
          with
          [
              _Alloc=std::allocator<std::pair<glm::vec3,float>>,
              _Ty=std::pair<glm::vec3,float>,
              _Objty=std::pair<glm::vec3,float>
          ]
c:\software\vs19\VC\Tools\MSVC\14.29.30133\include\vector(726): message : see reference to function template instantiation 'void std::_Default_allocator_traits<_Alloc>::construct<_Ty,glm::tvec3<float,glm::packed_highp>,int>(_Alloc &,_Objty *const ,glm::tvec3<float,glm::packed_highp> &&,int &&)' being compiled
          with
          [
              _Alloc=std::allocator<std::pair<glm::vec3,float>>,
              _Ty=std::pair<glm::vec3,float>,
              _Objty=std::pair<glm::vec3,float>
          ]
c:\software\vs19\VC\Tools\MSVC\14.29.30133\include\vector(744): message : see reference to function template instantiation 'void std::vector<std::pair<glm::vec3,float>,std::allocator<std::pair<glm::vec3,float>>>::_Emplace_back_with_unused_capacity<_Ty,int>(_Ty &&,int &&)' being compiled
          with
          [
              _Ty=glm::vec3
          ]
j:\Downloads\grk\cw 911\src\ex_9_1.hpp(318): message : see reference to function template instantiation 'void std::vector<std::pair<glm::vec3,float>,std::allocator<std::pair<glm::vec3,float>>>::emplace_back<glm::vec3,int>(glm::vec3 &&,int &&)' being compiled
c:\software\vs19\VC\Tools\MSVC\14.29.30133\include\utility(193,54): warning C4244: 'initializing': conversion from '_Ty' to '_Ty2', possible loss of data
          with
          [
              _Ty=double
          ]
          and
          [
              _Ty2=float
          ]
c:\software\vs19\VC\Tools\MSVC\14.29.30133\include\xmemory(714): message : see reference to function template instantiation 'std::pair<glm::vec3,float>::pair<glm::vec3&,_Ty,0>(_Other1,_Other2 &&) noexcept' being compiled
          with
          [
              _Ty=double,
              _Other1=glm::vec3 &,
              _Other2=double
          ]
c:\software\vs19\VC\Tools\MSVC\14.29.30133\include\xmemory(714): message : see reference to function template instantiation 'std::pair<glm::vec3,float>::pair<glm::vec3&,_Ty,0>(_Other1,_Other2 &&) noexcept' being compiled
          with
          [
              _Ty=double,
              _Other1=glm::vec3 &,
              _Other2=double
          ]
c:\software\vs19\VC\Tools\MSVC\14.29.30133\include\vector(726): message : see reference to function template instantiation 'void std::_Default_allocator_traits<_Alloc>::construct<_Ty,glm::vec3&,double>(_Alloc &,_Objty *const ,glm::vec3 &,double &&)' being compiled
          with
          [
              _Alloc=std::allocator<std::pair<glm::vec3,float>>,
              _Ty=std::pair<glm::vec3,float>,
              _Objty=std::pair<glm::vec3,float>
          ]
c:\software\vs19\VC\Tools\MSVC\14.29.30133\include\vector(726): message : see reference to function template instantiation 'void std::_Default_allocator_traits<_Alloc>::construct<_Ty,glm::vec3&,double>(_Alloc &,_Objty *const ,glm::vec3 &,double &&)' being compiled
          with
          [
              _Alloc=std::allocator<std::pair<glm::vec3,float>>,
              _Ty=std::pair<glm::vec3,float>,
              _Objty=std::pair<glm::vec3,float>
          ]
c:\software\vs19\VC\Tools\MSVC\14.29.30133\include\vector(744): message : see reference to function template instantiation 'void std::vector<std::pair<glm::vec3,float>,std::allocator<std::pair<glm::vec3,float>>>::_Emplace_back_with_unused_capacity<glm::vec3&,_Ty>(glm::vec3 &,_Ty &&)' being compiled
          with
          [
              _Ty=double
          ]
j:\Downloads\grk\cw 911\src\ex_9_1.hpp(333): message : see reference to function template instantiation 'void std::vector<std::pair<glm::vec3,float>,std::allocator<std::pair<glm::vec3,float>>>::emplace_back<glm::vec3&,double>(glm::vec3 &,double &&)' being compiled
c:\software\vs19\VC\Tools\MSVC\14.29.30133\include\tuple(170,47): warning C4244: 'initializing': conversion from '_Ty' to '_Ty', possible loss of data
          with
          [
              _Ty=int
          ]
          and
          [
              _Ty=float
          ]
c:\software\vs19\VC\Tools\MSVC\14.29.30133\include\tuple(258): message : see reference to function template instantiation 'std::_Tuple_val<_This>::_Tuple_val<_Ty>(_Other &&)' being compiled
          with
          [
              _This=float,
              _Ty=int,
              _Other=int
          ]
c:\software\vs19\VC\Tools\MSVC\14.29.30133\include\tuple(258): message : see reference to function template instantiation 'std::_Tuple_val<_This>::_Tuple_val<_Ty>(_Other &&)' being compiled
          with
          [
              _This=float,
              _Ty=int,
              _Other=int
          ]
c:\software\vs19\VC\Tools\MSVC\14.29.30133\include\tuple(258): message : see reference to function template instantiation 'std::tuple<float,float>::tuple<std::_Exact_args_t,_Ty,_Ty,0>(_Tag,_This2 &&,_Ty &&)' being compiled
          with
          [
              _Ty=int,
              _Tag=std::_Exact_args_t,
              _This2=int
          ]
c:\software\vs19\VC\Tools\MSVC\14.29.30133\include\tuple(258): message : see reference to function template instantiation 'std::tuple<float,float>::tuple<std::_Exact_args_t,_Ty,_Ty,0>(_Tag,_This2 &&,_Ty &&)' being compiled
          with
          [
              _Ty=int,
              _Tag=std::_Exact_args_t,
              _This2=int
          ]
c:\software\vs19\VC\Tools\MSVC\14.29.30133\include\tuple(340): message : see reference to function template instantiation 'std::tuple<glm::mat4,float,float>::tuple<std::_Exact_args_t,glm::mat4&,_Ty,_Ty,0>(_Tag,_This2,_Ty &&,_Ty &&)' being compiled
          with
          [
              _Ty=int,
              _Tag=std::_Exact_args_t,
              _This2=glm::mat4 &
          ]
c:\software\vs19\VC\Tools\MSVC\14.29.30133\include\tuple(340): message : see reference to function template instantiation 'std::tuple<glm::mat4,float,float>::tuple<std::_Exact_args_t,glm::mat4&,_Ty,_Ty,0>(_Tag,_This2,_Ty &&,_Ty &&)' being compiled
          with
          [
              _Ty=int,
              _Tag=std::_Exact_args_t,
              _This2=glm::mat4 &
          ]
c:\software\vs19\VC\Tools\MSVC\14.29.30133\include\xmemory(714): message : see reference to function template instantiation 'std::tuple<glm::mat4,float,float>::tuple<glm::mat4&,_Ty,_Ty,0>(_This2,_Ty &&,_Ty &&) noexcept' being compiled
          with
          [
              _Ty=int,
              _This2=glm::mat4 &
          ]
c:\software\vs19\VC\Tools\MSVC\14.29.30133\include\xmemory(714): message : see reference to function template instantiation 'std::tuple<glm::mat4,float,float>::tuple<glm::mat4&,_Ty,_Ty,0>(_This2,_Ty &&,_Ty &&) noexcept' being compiled
          with
          [
              _Ty=int,
              _This2=glm::mat4 &
          ]
c:\software\vs19\VC\Tools\MSVC\14.29.30133\include\vector(726): message : see reference to function template instantiation 'void std::_Default_allocator_traits<_Alloc>::construct<_Ty,glm::mat4&,int,int>(_Alloc &,_Objty *const ,glm::mat4 &,int &&,int &&)' being compiled
          with
          [
              _Alloc=std::allocator<std::tuple<glm::mat4,float,float>>,
              _Ty=std::tuple<glm::mat4,float,float>,
              _Objty=std::tuple<glm::mat4,float,float>
          ]
c:\software\vs19\VC\Tools\MSVC\14.29.30133\include\vector(726): message : see reference to function template instantiation 'void std::_Default_allocator_traits<_Alloc>::construct<_Ty,glm::mat4&,int,int>(_Alloc &,_Objty *const ,glm::mat4 &,int &&,int &&)' being compiled
          with
          [
              _Alloc=std::allocator<std::tuple<glm::mat4,float,float>>,
              _Ty=std::tuple<glm::mat4,float,float>,
              _Objty=std::tuple<glm::mat4,float,float>
          ]
c:\software\vs19\VC\Tools\MSVC\14.29.30133\include\vector(744): message : see reference to function template instantiation 'void std::vector<std::tuple<glm::mat4,float,float>,std::allocator<std::tuple<glm::mat4,float,float>>>::_Emplace_back_with_unused_capacity<glm::mat4&,_Ty,_Ty>(glm::mat4 &,_Ty &&,_Ty &&)' being compiled
          with
          [
              _Ty=int
          ]
j:\Downloads\grk\cw 911\src\ex_9_1.hpp(721): message : see reference to function template instantiation 'void std::vector<std::tuple<glm::mat4,float,float>,std::allocator<std::tuple<glm::mat4,float,float>>>::emplace_back<glm::mat4&,int,int>(glm::mat4 &,int &&,int &&)' being compiled
  Generating code
  1 of 755 functions ( 0.1%) were compiled, the rest were copied from previous compilation.
    0 functions were new in current compilation
    6 functions had inline decision re-evaluated but remain unchanged
  Finished generating code
  grk-cw911.vcxproj -> j:\Downloads\grk\Release\grk-cw9.exe
